GAS LISTING greetings.S 			page 1


   1              	/**
   2              	 * greetings.S -- –≤—ã–≤–æ–¥–∏—Ç –ø—Ä–∏–≤–µ—Ç—Å—Ç–≤–µ–Ω–Ω—É—é —Å—Ç—Ä–æ–∫—É –Ω–µ—Å–∫–æ–ª—å–∫–æ —Ä–∞–
   3              	 *
   4              	 * Copyright (c) 2014 Petrozavodsk State University
   5              	 *
   6              	 * Permission is hereby granted, free of charge, to any person obtaining
   7              	 * a copy of this software and associated documentation files (the
   8              	 * "Software"), to deal in the Software without restriction, including
   9              	 * without limitation the rights to use, copy, modify, merge, publish,
  10              	 * distribute, sublicense, and/or sell copies of the Software, and to
  11              	 * permit persons to whom the Software is furnished to do so, subject to
  12              	 * the following conditions:
  13              	 *
  14              	 * The above copyright notice and this permission notice shall be
  15              	 * included in all copies or substantial portions of the Software.
  16              		*/
  17              	
  18              	
  19              		/* –°–µ–∫—Ü–∏—è –¥–∞–Ω–Ω—ã—Ö */
  20              	
  21              		.data
  22              	
  23              		    /* –†–∞–∑–º–µ—â–∞–µ–º –Ω—É–ª—å-—Ç–µ—Ä–º–∏–Ω–∞–ª—å–Ω—É—é —Å—Ç—Ä–æ–∫—É –≤ –æ–±–ª–∞—Å—Ç–∏ –≥–ª–æ–
  24              		–∏–Ω–∏—Ü–∏–∞–ª–∏–∑–∏—Ä–æ–≤–∞–Ω–Ω—ã—Ö –¥–∞–Ω–Ω—ã—Ö, –º–µ—Ç–∫–∞ greeting –∞–¥—Ä–µ—Å—É–µ—Ç —Å—Ç—Ä–æ–∫
  25 0000 48656C6C 	greeting:	 .asciz "Hello from Assembler!"
  25      6F206672 
  25      6F6D2041 
  25      7373656D 
  25      626C6572 
  26              	
  27 0016 0A00     	transferal:	.asciz "\n"	
  28              	
  29              		/* –°–µ–∫—Ü–∏—è –∫–æ–º–∞–Ω–¥ –ø—Ä–æ—Ü–µ—Å—Å–æ—Ä–∞ */
  30              	
  31              		.text
  32              	
  33              		    /* –ú–µ—Ç–∫–∞ _start –∞–¥—Ä–µ—Å—É–µ—Ç —Ç–æ—á–∫—É –≤—Ö–æ–¥–∞ - –ø–µ—Ä–≤—É—é –∏–Ω—Å—Ç—Ä—É–∫—Ü–∏—
  34              		–∫–æ–º–∞–Ω–¥ –ø—Ä–æ—Ü–µ—Å—Å–æ—Ä–∞, –∫–æ—Ç–æ—Ä–∞—è –±—É–¥–µ—Ç –∏—Å–ø–æ–ª–Ω–µ–Ω–∞ –ø—Ä–∏ –∑–∞–≥—Ä—É–
  35              	
  36              		.global _start
  37              	_start:
  38              	
  39              		/* –ú–Ω–æ–≥–æ–∫—Ä–∞—Ç–Ω–æ –≤—ã–≤–æ–¥–∏–º —Å—Ç—Ä–æ–∫—É –Ω–∞ —ç–∫—Ä–∞–Ω */
  40              	
  41 0000 BE160000 		movl $22, %esi	# —Ñ–∏–∫—Å–∏—Ä—É–µ–º —Å—á–µ—Ç—á–∏–∫ –ø–æ–≤—Ç–æ—Ä–µ–Ω–∏–π
  41      00
  42              	
  43              	new_line:
  44              	
  45 0005 4E       		dec %esi
  46              	
  47              	next:
  48              	
  49 0006 B8040000 		movl $4, %eax	# –ø–æ–º–µ—â–∞–µ–º –Ω–æ–º–µ—Ä —Å–∏—Å—Ç–µ–º–Ω–æ–≥–æ –≤—ã–∑–æ–≤–∞ write
  49      00
  50              		##  –≤ —Ä–µ–≥–∏—Å—Ç—Ä eax
  51 000b BB010000 		movl $1, %ebx	# –ø–æ–º–µ—â–∞–µ–º –Ω–æ–º–µ—Ä –¥–µ—Å–∫—Ä–∏–ø—Ç–æ—Ä–∞ —Ñ–∞–π–ª–∞ –≤ —Ä–µ–≥–∏—Å—Ç—Ä eb
GAS LISTING greetings.S 			page 2


  51      00
  52              		##  –µ–¥–∏–Ω–∏—Ü–∞ —Å–æ–æ—Ç–≤–µ—Ç—Å—Ç–≤—É–µ—Ç —Å—Ç–∞–Ω–¥–∞—Ä—Ç–Ω–æ–º—É –≤—ã–≤–æ–¥—É, stdout
  53 0010 8D0D0000 		leal greeting, %ecx	# –ø–æ–º–µ—â–∞–µ–º –∞–¥—Ä–µ—Å –≤—ã–≤–æ–¥–∏–º–æ–π —Å—Ç—Ä–æ–∫–∏ –≤ —Ä–µ–≥–∏—Å—Ç—
  53      0000
  54              		##  (–æ–±—ä—è—Å–Ω–∏—Ç–µ, –ø–æ—á–µ–º—É –Ω–µ movl greeting, %ecx
  55 0016 89F2     		movl %esi, %edx	# –ø–æ–º–µ—â–∞–µ–º –≤ —Ä–µ–≥–∏—Å—Ç—Ä edx –∫–æ–ª–∏—á–µ—Å—Ç–≤–æ –±–∞–π—Ç, –Ω–∞—á–∏–Ω
  56              		##  –∑–∞–¥–∞–Ω–Ω–æ–≥–æ –∞–¥—Ä–µ—Å–∞, –∫–æ—Ç–æ—Ä—ã–µ –Ω—É–∂–Ω–æ –æ—Ç–ø—Ä–∞–≤–∏—Ç—å –≤ —Ñ–∞–π–ª
  57 0018 CD80     		int  $0x80		# –æ–±—Ä–∞—â–∞–µ–º—Å—è –∫ –æ–±—Ä–∞–±–æ—Ç—á–∏–∫—É —Å–∏—Å—Ç–µ–º–Ω—ã—Ö –≤—ã–∑–æ–≤–æ–≤
  58              		##  –û–° Linux, –∫–æ—Ç–æ—Ä—ã–π –≤—ã–ø–æ–ª–Ω—è–µ—Ç –≤—ã–∑–æ–≤ –ø–æ –µ–≥–æ –Ω–æ–º–µ—Ä—É
  59              	
  60 001a B8040000 		movl $4, %eax
  60      00
  61 001f BB010000 		movl $1, %ebx
  61      00
  62 0024 8D0D1600 		leal transferal, %ecx
  62      0000
  63 002a BA010000 		movl $1, %edx
  63      00
  64 002f CD80     		int $0x80
  65              	
  66 0031 83EE01   		subl $1, %esi	# —É–º–µ–Ω—å—à–∞–µ–º —Å—á–µ—Ç—á–∏–∫
  67 0034 83FE00   		cmpl $0, %esi	# –µ—Å–ª–∏ —Ç—Ä–µ–±—É–µ–º–æ–µ —á–∏—Å–ª–æ –ø–æ–≤—Ç–æ—Ä–µ–Ω–∏–π –¥–æ—Å—Ç–∏–≥–Ω—É—Ç–æ,
  68 0037 7402     		je done	# –ø–µ—Ä–µ—Ö–æ–¥–∏–º –∫ –∑–∞–≤–µ—Ä—à–µ–Ω–∏—é –ø—Ä–æ–≥—Ä–∞–º–º—ã
  69 0039 EBCA     		jmp new_line		# –∏–Ω–∞—á–µ –ø–æ–≤—Ç–æ—Ä—è–µ–º –µ—â–µ —Ä–∞–∑
  70              	
  71              	done:
  72              	
  73              		/* –ó–∞–≤–µ—Ä—à–∞–µ–º –≤—ã–ø–æ–ª–Ω–µ–Ω–∏–µ –ø—Ä–æ–≥—Ä–∞–º–º—ã —Å –ø–æ–º–æ—â—å—é —Å–∏—Å—Ç–µ–º–Ω–æ–≥
  74              	
  75 003b B8010000 		movl $1, %eax	# –ø–æ–º–µ—â–∞–µ–º –Ω–æ–º–µ—Ä —Å–∏—Å—Ç–µ–º–Ω–æ–≥–æ –≤—ã–∑–æ–≤–∞ _exit
  75      00
  76              		##  –≤ —Ä–µ–≥–∏—Å—Ç—Ä eax
  77 0040 BB000000 		movl $0, %ebx	# –ø–æ–º–µ—â–∞–µ–º –∫–æ–¥ –≤–æ–∑–≤—Ä–∞—Ç–∞ –≤ —Ä–µ–≥–∏—Å—Ç—Ä ebx,
  77      00
  78              		##  –Ω—É–ª–µ–≤–æ–π –∫–æ–¥ —Å–æ–æ—Ç–≤–µ—Ç—Å—Ç–≤—É–µ—Ç —É—Å–ø–µ—à–Ω–æ–º—É –∑–∞–≤–µ—Ä—à–µ–Ω–∏—é
  79 0045 CD80     		int  $0x80		# –æ–±—Ä–∞—â–∞–µ–º—Å—è –∫ –û–°
  80              	
  81              		.end			# –ø–æ—Å–ª–µ–¥–Ω—è—è —Å—Ç—Ä–æ–∫–∞ –∏—Å—Ö–æ–¥–Ω–æ–≥–æ —Ç–µ–∫—Å—Ç–∞
GAS LISTING greetings.S 			page 3


DEFINED SYMBOLS
         greetings.S:25     .data:0000000000000000 greeting
         greetings.S:27     .data:0000000000000016 transferal
         greetings.S:37     .text:0000000000000000 _start
         greetings.S:43     .text:0000000000000005 new_line
         greetings.S:47     .text:0000000000000006 next
         greetings.S:71     .text:000000000000003b done

NO UNDEFINED SYMBOLS
