GAS LISTING hello.S 			page 1


   1              	/**
   2              	 * hello.S -- –≤—ã–≤–æ–¥–∏—Ç –ø—Ä–∏–≤–µ—Ç—Å—Ç–≤–µ–Ω–Ω—É—é —Å—Ç—Ä–æ–∫—É –Ω–∞ —Å—Ç–∞–Ω–¥–∞—Ä—Ç–Ω—ã–π 
   3              	 *
   4              	 * Copyright (c) 2014 Petrozavodsk State University
   5              	 *
   6              	 * Permission is hereby granted, free of charge, to any person obtaining
   7              	 * a copy of this software and associated documentation files (the
   8              	 * "Software"), to deal in the Software without restriction, including
   9              	 * without limitation the rights to use, copy, modify, merge, publish,
  10              	 * distribute, sublicense, and/or sell copies of the Software, and to
  11              	 * permit persons to whom the Software is furnished to do so, subject to
  12              	 * the following conditions:
  13              	 *
  14              	 * The above copyright notice and this permission notice shall be
  15              	 * included in all copies or substantial portions of the Software.
  16              		*/
  17              	
  18              		/* –°–µ–∫—Ü–∏—è –¥–∞–Ω–Ω—ã—Ö */
  19              	
  20              		.data
  21              	
  22              		    /* –†–∞–∑–º–µ—â–∞–µ–º –Ω—É–ª—å-—Ç–µ—Ä–º–∏–Ω–∞–ª—å–Ω—É—é —Å—Ç—Ä–æ–∫—É –≤ –æ–±–ª–∞—Å—Ç–∏ –≥–ª–æ–
  23              		–∏–Ω–∏—Ü–∏–∞–ª–∏–∑–∏—Ä–æ–≤–∞–Ω–Ω—ã—Ö –¥–∞–Ω–Ω—ã—Ö, –º–µ—Ç–∫–∞ greeting –∞–¥—Ä–µ—Å—É–µ—Ç —Å—Ç—Ä–æ–∫
  24              	
  25 0000 48656C6C 	greeting:	 .asciz "Hello from Assembler!\n"
  25      6F206672 
  25      6F6D2041 
  25      7373656D 
  25      626C6572 
  26              	
  27              	
  28              		/* –°–µ–∫—Ü–∏—è –∫–æ–º–∞–Ω–¥ –ø—Ä–æ—Ü–µ—Å—Å–æ—Ä–∞ */
  29              	
  30              		.text
  31              	
  32              		    /* –ú–µ—Ç–∫–∞ _start –∞–¥—Ä–µ—Å—É–µ—Ç —Ç–æ—á–∫—É –≤—Ö–æ–¥–∞ - –ø–µ—Ä–≤—É—é –∏–Ω—Å—Ç—Ä—É–∫—Ü–∏—
  33              		–∫–æ–º–∞–Ω–¥ –ø—Ä–æ—Ü–µ—Å—Å–æ—Ä–∞, –∫–æ—Ç–æ—Ä–∞—è –±—É–¥–µ—Ç –∏—Å–ø–æ–ª–Ω–µ–Ω–∞ –ø—Ä–∏ –∑–∞–≥—Ä—É–
  34              		.global _start
  35              	_start:
  36              	
  37              		/* –í—ã–≤–æ–¥–∏–º —Å—Ç—Ä–æ–∫—É –Ω–∞ —ç–∫—Ä–∞–Ω —Å –ø–æ–º–æ—â—å—é —Å–∏—Å—Ç–µ–º–Ω–æ–≥–æ –≤—ã–∑–æ–≤–∞
  38              	
  39 0000 B8040000 		movl $4, %eax	# –ø–æ–º–µ—â–∞–µ–º –Ω–æ–º–µ—Ä —Å–∏—Å—Ç–µ–º–Ω–æ–≥–æ –≤—ã–∑–æ–≤–∞ write
  39      00
  40              		##  –≤ —Ä–µ–≥–∏—Å—Ç—Ä eax,
  41 0005 BB010000 		movl $1, %ebx	# –ø–æ–º–µ—â–∞–µ–º –Ω–æ–º–µ—Ä –¥–µ—Å–∫—Ä–∏–ø—Ç–æ—Ä–∞ —Ñ–∞–π–ª–∞ –≤ —Ä–µ–≥–∏—Å—Ç—Ä eb
  41      00
  42              		##  –µ–¥–∏–Ω–∏—Ü–∞ —Å–æ–æ—Ç–≤–µ—Ç—Å—Ç–≤—É–µ—Ç —Å—Ç–∞–Ω–¥–∞—Ä—Ç–Ω–æ–º—É –≤—ã–≤–æ–¥—É, stdout
  43 000a 8D0D0000 		leal greeting, %ecx	# –ø–æ–º–µ—â–∞–µ–º –∞–¥—Ä–µ—Å –≤—ã–≤–æ–¥–∏–º–æ–π —Å—Ç—Ä–æ–∫–∏ –≤ —Ä–µ–≥–∏—Å—Ç—
  43      0000
  44              		##  (–æ–±—ä—è—Å–Ω–∏—Ç–µ, –ø–æ—á–µ–º—É –Ω–µ movl greeting, %ecx
  45 0010 BA160000 		movl $22, %edx	# –ø–æ–º–µ—â–∞–µ–º –≤ —Ä–µ–≥–∏—Å—Ç—Ä edx –∫–æ–ª–∏—á–µ—Å—Ç–≤–æ –±–∞–π—Ç, –Ω–∞—á–∏–Ω–
  45      00
  46              		##  –∑–∞–¥–∞–Ω–Ω–æ–≥–æ –∞–¥—Ä–µ—Å–∞, –∫–æ—Ç–æ—Ä—ã–µ –Ω—É–∂–Ω–æ –æ—Ç–ø—Ä–∞–≤–∏—Ç—å –≤ —Ñ–∞–π–ª
  47 0015 CD80     		int  $0x80		# –æ–±—Ä–∞—â–∞–µ–º—Å—è –∫ –æ–±—Ä–∞–±–æ—Ç—á–∏–∫—É —Å–∏—Å—Ç–µ–º–Ω—ã—Ö –≤—ã–∑–æ–≤–æ–≤
  48              		##  –û–° Linux, –∫–æ—Ç–æ—Ä—ã–π –≤—ã–ø–æ–ª–Ω—è–µ—Ç –≤—ã–∑–æ–≤ –ø–æ –µ–≥–æ –Ω–æ–º–µ—Ä—É
  49              	
GAS LISTING hello.S 			page 2


  50              		/* –ó–∞–≤–µ—Ä—à–∞–µ–º –≤—ã–ø–æ–ª–Ω–µ–Ω–∏–µ –ø—Ä–æ–≥—Ä–∞–º–º—ã —Å –ø–æ–º–æ—â—å—é —Å–∏—Å—Ç–µ–º–Ω–æ–≥
  51              	
  52 0017 B8010000 		movl $1, %eax	# –ø–æ–º–µ—â–∞–µ–º –Ω–æ–º–µ—Ä —Å–∏—Å—Ç–µ–º–Ω–æ–≥–æ –≤—ã–∑–æ–≤–∞ _exit
  52      00
  53              		##  –≤ —Ä–µ–≥–∏—Å—Ç—Ä eax
  54 001c BB000000 		movl $0, %ebx	# –ø–æ–º–µ—â–∞–µ–º –∫–æ–¥ –≤–æ–∑–≤—Ä–∞—Ç–∞ –≤ —Ä–µ–≥–∏—Å—Ç—Ä ebx,
  54      00
  55              		##  –Ω—É–ª–µ–≤–æ–π –∫–æ–¥ —Å–æ–æ—Ç–≤–µ—Ç—Å—Ç–≤—É–µ—Ç —É—Å–ø–µ—à–Ω–æ–º—É –∑–∞–≤–µ—Ä—à–µ–Ω–∏—é
  56 0021 CD80     		int  $0x80		# –æ–±—Ä–∞—â–∞–µ–º—Å—è –∫ –û–°
  57              	
  58              	
  59              		.end			# –ø–æ—Å–ª–µ–¥–Ω—è—è —Å—Ç—Ä–æ–∫–∞ –∏—Å—Ö–æ–¥–Ω–æ–≥–æ —Ç–µ–∫—Å—Ç–∞
GAS LISTING hello.S 			page 3


DEFINED SYMBOLS
             hello.S:25     .data:0000000000000000 greeting
             hello.S:35     .text:0000000000000000 _start

NO UNDEFINED SYMBOLS
