GAS LISTING hello_watch.S 			page 1


   1              	/**
   2              	 * sand_watch.S -- –≤—ã–≤–æ–¥–∏—Ç –ø—Ä–∏–≤–µ—Ç—Å—Ç–≤–µ–Ω–Ω—É—é —Å—Ç—Ä–æ–∫—É –≤ –≤–∏–¥–µ –ø–µ—Å–æ—á–
   3              	 *
   4              	 * Copyright (c) 2014 Petrozavodsk State University
   5              	 *
   6              	 * Permission is hereby granted, free of charge, to any person obtaining
   7              	 * a copy of this software and associated documentation files (the
   8              	 * "Software"), to deal in the Software without restriction, including
   9              	 * without limitation the rights to use, copy, modify, merge, publish,
  10              	 * distribute, sublicense, and/or sell copies of the Software, and to
  11              	 * permit persons to whom the Software is furnished to do so, subject to
  12              	 * the following conditions:
  13              	 *
  14              	 * The above copyright notice and this permission notice shall be
  15              	 * included in all copies or substantial portions of the Software.
  16              	 */
  17              	
  18              	
  19              	/* –°–µ–∫—Ü–∏—è –¥–∞–Ω–Ω—ã—Ö */
  20              	
  21              	.data
  22              	
  23              	    /* –†–∞–∑–º–µ—â–∞–µ–º –Ω—É–ª—å-—Ç–µ—Ä–º–∏–Ω–∞–ª—å–Ω—É—é —Å—Ç—Ä–æ–∫—É –≤ –æ–±–ª–∞—Å—Ç–∏ –≥–ª–æ–±
  24              	       –∏–Ω–∏—Ü–∏–∞–ª–∏–∑–∏—Ä–æ–≤–∞–Ω–Ω—ã—Ö –¥–∞–Ω–Ω—ã—Ö, –º–µ—Ç–∫–∞ greeting –∞–¥—Ä–µ—Å—É–µ—Ç —Å—Ç
  25 0000 48656C6C 		greeting: .asciz "Hello from Assembler!"
  25      6F206672 
  25      6F6D2041 
  25      7373656D 
  25      626C6572 
  26 0016 0A00     		endline: .asciz "\n"
  27 0018 20202020 		empty_string: .asciz "          "	
  27      20202020 
  27      202000
  28              	    	
  29              	/* –°–µ–∫—Ü–∏—è –∫–æ–º–∞–Ω–¥ –ø—Ä–æ—Ü–µ—Å—Å–æ—Ä–∞ */
  30              	.text
  31              	.type Print_Spaces, @function     # —Ñ—É–Ω–∫—Ü–∏—è –ø–µ—á–∞—Ç–∏ –Ω–∞—á–∞–ª—å–Ω—ã—Ö –ø—Ä–æ–±–µ–ª–æ–≤
  32              	
  33              	Print_Spaces:
  34              		
  35              	        /* –°—Ç–∞–Ω–¥–∞—Ä—Ç–Ω—ã–π –ø—Ä–æ–ª–æ–≥ —Ñ—É–Ω—Ü–∏–∏ */
  36 0000 55       	        pushl %ebp       	# —Å–æ—Ö—Ä–∞–Ω–∏—Ç—å –≤ —Å—Ç–µ–∫–µ –∑–Ω–∞—á–µ–Ω–∏–µ, –±—ã–≤—à–µ–µ –≤ –≤—ã
  37 0001 89E5     	        movl  %esp, %ebp 	# –æ–±–µ—Å–ø–µ—á–∏—Ç—å –∞–¥—Ä–µ—Å–Ω—ã–π –¥–æ—Å—Ç—É–ø –∫ –ø–∞—Ä–∞–º–µ—Ç—Ä–
  38              					# –ª–æ–∫–∞–ª—å–Ω—ã–º –ø–µ—Ä–µ–º–µ–Ω–Ω–Ω—ã–º –≤ —Å—Ç–µ–∫–µ –ø—É—Ç–µ–º –±–∞–∑–æ–≤–æ–π 
  39              					# –∞–¥—Ä–µ—Å–∞—Ü–∏–∏ —á–µ—Ä–µ–∑ ebp
  40              	
  41 0003 8B5508   		movl 8(%ebp), %edx 	# –í—ã—Ç–∞—Å–∫–∏–≤–∞–µ–º –ø–∞—Ä–∞–º–µ—Ç—Ä —Ñ—É–Ω–∫—Ü–∏–∏
  42 0006 B8040000 		movl $4, %eax           # –ø–æ–º–µ—â–∞–µ–º –Ω–æ–º–µ—Ä —Å–∏—Å—Ç–µ–º–Ω–æ–≥–æ –≤—ã–∑–æ–≤–∞ write     
  42      00
  43 000b BB010000 		movl $1, %ebx           # –ø–æ–º–µ—â–∞–µ–º –Ω–æ–º–µ—Ä –¥–µ—Å–∫—Ä–∏–ø—Ç–æ—Ä–∞ —Ñ–∞–π–ª–∞ –≤ —Ä–µ–≥–
  43      00
  44 0010 8D0D1800 		leal empty_string, %ecx
  44      0000
  45 0016 CD80     		int $0x80
  46              	
  47              		/* –°—Ç–∞–Ω–¥–∞—Ä—Ç–Ω—ã–π —ç–ø–∏–ª–æ–≥ —Ñ—É–Ω–∫—Ü–∏–∏ */
  48 0018 89EC     		movl %ebp, %esp # –≤–æ—Å—Å—Ç–∞–Ω–æ–≤–∏—Ç—å —É–∫–∞–∑–∞—Ç–µ–ª—å —Å—Ç–µ–∫–∞
GAS LISTING hello_watch.S 			page 2


  49 001a 5D       	        popl %ebp       # –≤–æ—Å—Å—Ç–∞–Ω–æ–≤–∏—Ç—å ebp
  50 001b C3       	        ret             # –≤–æ–∑–≤—Ä–∞—Ç –≤ –≤—ã–∑—ã–≤–∞—é—â—É—é
  51              	
  52              	    /* –ú–µ—Ç–∫–∞ _start –∞–¥—Ä–µ—Å—É–µ—Ç —Ç–æ—á–∫—É –≤—Ö–æ–¥–∞ - –ø–µ—Ä–≤—É—é –∏–Ω—Å—Ç—Ä—É–∫—Ü–∏—é
  53              	       –∫–æ–º–∞–Ω–¥ –ø—Ä–æ—Ü–µ—Å—Å–æ—Ä–∞, –∫–æ—Ç–æ—Ä–∞—è –±—É–¥–µ—Ç –∏—Å–ø–æ–ª–Ω–µ–Ω–∞ –ø—Ä–∏ –∑–∞–
  54              	       
  55              	    .global _start
  56              	    _start:                           
  57              	
  58              	    /* –ú–Ω–æ–≥–æ–∫—Ä–∞—Ç–Ω–æ –≤—ã–≤–æ–¥–∏–º —Å—Ç—Ä–æ–∫—É –Ω–∞ —ç–∫—Ä–∞–Ω –≤ –≤–∏–¥–µ –ø–µ—Å–æ—á–Ω—
  59              	    
  60 001c BE150000 		movl $21, %esi          # —Ñ–∏–∫—Å–∏—Ä—É–µ–º —Å—á–µ—Ç—á–∏–∫ —Å–∏–º–≤–æ–ª–æ–≤-–ø–æ–≤—Ç–æ—Ä–µ–Ω–∏–π
  60      00
  61 0021 29FF     		subl %edi, %edi      	# –û–±–Ω—É–ª—è–µ–º —Å—á–µ—Ç—á–∏–∫ –Ω–∞—á–∞–ª—å–Ω—ã—Ö –ø—Ä–æ–±–µ–ª–æ–≤
  62              	
  63              	next_step:
  64 0023 60       		pusha
  65 0024 57       		pushl %edi              # –ö–æ–ª-–≤–æ –ø—Ä–æ–±–µ–ª–æ–≤ –≤ –Ω–∞—á–∞–ª–µ
  66 0025 E8D6FFFF 		call Print_Spaces
  66      FF
  67              		
  68 002a B8040000 		movl $4, %eax           # –ø–æ–º–µ—â–∞–µ–º –Ω–æ–º–µ—Ä —Å–∏—Å—Ç–µ–º–Ω–æ–≥–æ –≤—ã–∑–æ–≤–∞ write
  68      00
  69              					# –≤ —Ä–µ–≥–∏—Å—Ç—Ä eax                            
  70 002f BB010000 		movl $1, %ebx           # –ø–æ–º–µ—â–∞–µ–º –Ω–æ–º–µ—Ä –¥–µ—Å–∫—Ä–∏–ø—Ç–æ—Ä–∞ —Ñ–∞–π–ª–∞ –≤ —Ä–µ–≥–
  70      00
  71              					# –µ–¥–∏–Ω–∏—Ü–∞ —Å–æ–æ—Ç–≤–µ—Ç—Å—Ç–≤—É–µ—Ç —Å—Ç–∞–Ω–¥–∞—Ä—Ç–Ω–æ–º—É –≤—ã–≤–æ–¥—É, stdout
  72 0034 8D0D0000 		leal greeting, %ecx     # –ø–æ–º–µ—â–∞–µ–º –∞–¥—Ä–µ—Å –≤—ã–≤–æ–¥–∏–º–æ–π —Å—Ç—Ä–æ–∫–∏ –≤ —Ä–µ–≥–∏—
  72      0000
  73              					# (–æ–±—ä—è—Å–Ω–∏—Ç–µ, –ø–æ—á–µ–º—É –Ω–µ movl greeting, %ecx
  74 003a 01F9     		addl %edi, %ecx
  75 003c 89F2     		movl %esi, %edx         # –ø–æ–º–µ—â–∞–µ–º –≤ —Ä–µ–≥–∏—Å—Ç—Ä edx –∫–æ–ª–∏—á–µ—Å—Ç–≤–æ –±–∞–π—Ç, –Ω
  76              					# –∑–∞–¥–∞–Ω–Ω–æ–≥–æ –∞–¥—Ä–µ—Å–∞, –∫–æ—Ç–æ—Ä—ã–µ –Ω—É–∂–Ω–æ –æ—Ç–ø—Ä–∞–≤–∏—Ç—å –≤ —Ñ–∞–π–ª
  77 003e CD80     		int  $0x80
  78              					# –æ–±—Ä–∞—â–∞–µ–º—Å—è –∫ –æ–±—Ä–∞–±–æ—Ç—á–∏–∫—É —Å–∏—Å—Ç–µ–º–Ω—ã—Ö –≤—ã–∑–æ–≤–æ–≤
  79              					# –û–° Linux, –∫–æ—Ç–æ—Ä—ã–π –≤—ã–ø–æ–ª–Ω—è–µ—Ç –≤—ã–∑–æ–≤ –ø–æ –µ–≥–æ –Ω–æ–º–µ—Ä—É
  80              	
  81              		/* endline */
  82 0040 B8040000 		movl $4, %eax
  82      00
  83 0045 BB010000 		movl $1, %ebx
  83      00
  84 004a 8D0D1600 		leal endline, %ecx
  84      0000
  85 0050 BA010000 		movl $1, %edx
  85      00
  86 0055 CD80     		int $0x80
  87              	
  88              		/* if */
  89 0057 83FE01   		cmpl $1, %esi           # –µ—Å–ª–∏ —Ç—Ä–µ–±—É–µ–º–æ–µ —á–∏—Å–ª–æ –ø–æ–≤—Ç–æ—Ä–µ–Ω–∏–π –¥–æ—Å—Ç–∏–≥
  90 005a 7408     		je back_step            # –ø–µ—Ä–µ—Ö–æ–¥–∏–º –∫ –∑–∞–≤–µ—Ä—à–µ–Ω–∏—é –ø—Ä–æ–≥—Ä–∞–º–º—ã
  91 005c 83EE02   		subl $2, %esi           # —É–º–µ–Ω—å—à–∞–µ–º —Å—á–µ—Ç—á–∏–∫
  92 005f 83C701   		addl $1, %edi
  93 0062 EBBF     		jmp next_step           # –∏–Ω–∞—á–µ –ø–æ–≤—Ç–æ—Ä—è–µ–º –µ—â–µ —Ä–∞–∑
  94              	
  95              	back_step:
  96 0064 83EF01   		subl $1, %edi
GAS LISTING hello_watch.S 			page 3


  97 0067 83C602   		addl $2, %esi
  98              		
  99 006a 60       		pusha
 100 006b 57       		pushl %edi              # –ö–æ–ª-–≤–æ –ø—Ä–æ–±–µ–ª–æ–≤ –≤ –Ω–∞—á–∞–ª–µ
 101 006c E88FFFFF 		call Print_Spaces
 101      FF
 102              	
 103 0071 B8040000 		movl $4, %eax           # –ø–æ–º–µ—â–∞–µ–º –Ω–æ–º–µ—Ä —Å–∏—Å—Ç–µ–º–Ω–æ–≥–æ –≤—ã–∑–æ–≤–∞ write
 103      00
 104              					# –≤ —Ä–µ–≥–∏—Å—Ç—Ä eax                            
 105 0076 BB010000 		movl $1, %ebx           # –ø–æ–º–µ—â–∞–µ–º –Ω–æ–º–µ—Ä –¥–µ—Å–∫—Ä–∏–ø—Ç–æ—Ä–∞ —Ñ–∞–π–ª–∞ –≤ —Ä–µ–≥–
 105      00
 106              					# –µ–¥–∏–Ω–∏—Ü–∞ —Å–æ–æ—Ç–≤–µ—Ç—Å—Ç–≤—É–µ—Ç —Å—Ç–∞–Ω–¥–∞—Ä—Ç–Ω–æ–º—É –≤—ã–≤–æ–¥—É, stdout
 107 007b 8D0D0000 		leal greeting, %ecx     # –ø–æ–º–µ—â–∞–µ–º –∞–¥—Ä–µ—Å –≤—ã–≤–æ–¥–∏–º–æ–π —Å—Ç—Ä–æ–∫–∏ –≤ —Ä–µ–≥–∏—
 107      0000
 108              					# (–æ–±—ä—è—Å–Ω–∏—Ç–µ, –ø–æ—á–µ–º—É –Ω–µ movl greeting, %ecx
 109 0081 01F9     		addl %edi, %ecx
 110 0083 89F2     		movl %esi, %edx         # –ø–æ–º–µ—â–∞–µ–º –≤ —Ä–µ–≥–∏—Å—Ç—Ä edx –∫–æ–ª–∏—á–µ—Å—Ç–≤–æ –±–∞–π—Ç, –Ω
 111              					# –∑–∞–¥–∞–Ω–Ω–æ–≥–æ –∞–¥—Ä–µ—Å–∞, –∫–æ—Ç–æ—Ä—ã–µ –Ω—É–∂–Ω–æ –æ—Ç–ø—Ä–∞–≤–∏—Ç—å –≤ —Ñ–∞–π–ª
 112 0085 CD80     		int  $0x80
 113              					# –æ–±—Ä–∞—â–∞–µ–º—Å—è –∫ –æ–±—Ä–∞–±–æ—Ç—á–∏–∫—É —Å–∏—Å—Ç–µ–º–Ω—ã—Ö –≤—ã–∑–æ–≤–æ–≤
 114              					# –û–° Linux, –∫–æ—Ç–æ—Ä—ã–π –≤—ã–ø–æ–ª–Ω—è–µ—Ç –≤—ã–∑–æ–≤ –ø–æ –µ–≥–æ –Ω–æ–º–µ—Ä—É
 115              		
 116              		/* endline */
 117 0087 B8040000 		movl $4, %eax
 117      00
 118 008c BB010000 		movl $1, %ebx
 118      00
 119 0091 8D0D1600 		leal endline, %ecx
 119      0000
 120 0097 BA010000 		movl $1, %edx
 120      00
 121 009c CD80     		int $0x80
 122              	
 123              		/* if */
 124 009e 83FE15   		cmpl $21, %esi
 125 00a1 7402     		je done
 126 00a3 EBBF     		jmp back_step
 127              	
 128              	done:                          
 129              	    /* –ó–∞–≤–µ—Ä—à–∞–µ–º –≤—ã–ø–æ–ª–Ω–µ–Ω–∏–µ –ø—Ä–æ–≥—Ä–∞–º–º—ã —Å –ø–æ–º–æ—â—å—é —Å–∏—Å—Ç–µ–º–Ω–
 130              	    
 131 00a5 B8010000 	    movl $1, %eax           # –ø–æ–º–µ—â–∞–µ–º –Ω–æ–º–µ—Ä —Å–∏—Å—Ç–µ–º–Ω–æ–≥–æ –≤—ã–∑–æ–≤–∞ _exit
 131      00
 132              	                            # –≤ —Ä–µ–≥–∏—Å—Ç—Ä eax
 133 00aa BB000000 	    movl $0, %ebx           # –ø–æ–º–µ—â–∞–µ–º –∫–æ–¥ –≤–æ–∑–≤—Ä–∞—Ç–∞ –≤ —Ä–µ–≥–∏—Å—Ç—Ä ebx,
 133      00
 134              	                            # –Ω—É–ª–µ–≤–æ–π –∫–æ–¥ —Å–æ–æ—Ç–≤–µ—Ç—Å—Ç–≤—É–µ—Ç —É—Å–ø–µ—à–Ω–æ–º—É –
 135 00af CD80     	    int  $0x80              # –æ–±—Ä–∞—â–∞–µ–º—Å—è –∫ –û–°
 136              	
 137              	.end                        # –ø–æ—Å–ª–µ–¥–Ω—è—è —Å—Ç—Ä–æ–∫–∞ –∏—Å—Ö–æ–¥–Ω–æ–≥–æ —Ç–µ–∫—Å—Ç–∞
GAS LISTING hello_watch.S 			page 4


DEFINED SYMBOLS
       hello_watch.S:25     .data:0000000000000000 greeting
       hello_watch.S:26     .data:0000000000000016 endline
       hello_watch.S:27     .data:0000000000000018 empty_string
       hello_watch.S:33     .text:0000000000000000 Print_Spaces
       hello_watch.S:56     .text:000000000000001c _start
       hello_watch.S:63     .text:0000000000000023 next_step
       hello_watch.S:95     .text:0000000000000064 back_step
       hello_watch.S:128    .text:00000000000000a5 done

NO UNDEFINED SYMBOLS
